c:\users\x240\desktop\advancedproductioninformationprocessingtechnology\pert\kadai4\debug\vc120.pdb
c:\users\x240\desktop\advancedproductioninformationprocessingtechnology\pert\kadai4\debug\vc120.idb
c:\users\x240\desktop\advancedproductioninformationprocessingtechnology\pert\kadai4\debug\main.obj
c:\users\x240\desktop\advancedproductioninformationprocessingtechnology\pert\kadai4\debug\kadai4.obj
c:\users\x240\desktop\advancedproductioninformationprocessingtechnology\pert\kadai4\debug\pert.ilk
c:\users\x240\desktop\advancedproductioninformationprocessingtechnology\pert\kadai4\debug\pert.exe
c:\users\x240\desktop\advancedproductioninformationprocessingtechnology\pert\kadai4\debug\pert.pdb
c:\users\x240\desktop\advancedproductioninformationprocessingtechnology\pert\kadai4\debug\pert.tlog\cl.command.1.tlog
c:\users\x240\desktop\advancedproductioninformationprocessingtechnology\pert\kadai4\debug\pert.tlog\cl.read.1.tlog
c:\users\x240\desktop\advancedproductioninformationprocessingtechnology\pert\kadai4\debug\pert.tlog\cl.write.1.tlog
c:\users\x240\desktop\advancedproductioninformationprocessingtechnology\pert\kadai4\debug\pert.tlog\link-cvtres.read.1.tlog
c:\users\x240\desktop\advancedproductioninformationprocessingtechnology\pert\kadai4\debug\pert.tlog\link-cvtres.write.1.tlog
c:\users\x240\desktop\advancedproductioninformationprocessingtechnology\pert\kadai4\debug\pert.tlog\link-rc.read.1.tlog
c:\users\x240\desktop\advancedproductioninformationprocessingtechnology\pert\kadai4\debug\pert.tlog\link-rc.write.1.tlog
c:\users\x240\desktop\advancedproductioninformationprocessingtechnology\pert\kadai4\debug\pert.tlog\link.6112-cvtres.read.1.tlog
c:\users\x240\desktop\advancedproductioninformationprocessingtechnology\pert\kadai4\debug\pert.tlog\link.6112-cvtres.write.1.tlog
c:\users\x240\desktop\advancedproductioninformationprocessingtechnology\pert\kadai4\debug\pert.tlog\link.6112-rc.read.1.tlog
c:\users\x240\desktop\advancedproductioninformationprocessingtechnology\pert\kadai4\debug\pert.tlog\link.6112-rc.write.1.tlog
c:\users\x240\desktop\advancedproductioninformationprocessingtechnology\pert\kadai4\debug\pert.tlog\link.6112.read.1.tlog
c:\users\x240\desktop\advancedproductioninformationprocessingtechnology\pert\kadai4\debug\pert.tlog\link.6112.write.1.tlog
c:\users\x240\desktop\advancedproductioninformationprocessingtechnology\pert\kadai4\debug\pert.tlog\link.command.1.tlog
c:\users\x240\desktop\advancedproductioninformationprocessingtechnology\pert\kadai4\debug\pert.tlog\link.read.1.tlog
c:\users\x240\desktop\advancedproductioninformationprocessingtechnology\pert\kadai4\debug\pert.tlog\link.write.1.tlog
